<?xml version="1.0" encoding="UTF-8"?>
<testng-results ignored="0" total="2" passed="2" failed="0" skipped="0">
  <reporter-output>
  </reporter-output>
  <suite started-at="2021-04-02T16:59:34 EDT" name="Default suite" finished-at="2021-04-02T16:59:43 EDT" duration-ms="9169">
    <groups>
    </groups>
    <test started-at="2021-04-02T16:59:34 EDT" name="Default test" finished-at="2021-04-02T16:59:43 EDT" duration-ms="9169">
      <class name="variables.Edge">
        <test-method is-config="true" signature="openBrowser()[pri:0, instance:variables.Edge@48fa0f47]" started-at="2021-04-02T16:59:34 EDT" name="openBrowser" finished-at="2021-04-02T16:59:42 EDT" duration-ms="8297" status="PASS">
          <reporter-output>
          </reporter-output>
        </test-method> <!-- openBrowser -->
        <test-method signature="getTitle()[pri:0, instance:variables.Edge@48fa0f47]" started-at="2021-04-02T16:59:42 EDT" name="getTitle" finished-at="2021-04-02T16:59:42 EDT" duration-ms="26" status="PASS">
          <reporter-output>
          </reporter-output>
        </test-method> <!-- getTitle -->
        <test-method signature="getUrl()[pri:0, instance:variables.Edge@48fa0f47]" started-at="2021-04-02T16:59:42 EDT" name="getUrl" finished-at="2021-04-02T16:59:42 EDT" duration-ms="9" status="PASS">
          <reporter-output>
          </reporter-output>
        </test-method> <!-- getUrl -->
        <test-method is-config="true" signature="tearDown()[pri:0, instance:variables.Edge@48fa0f47]" started-at="2021-04-02T16:59:42 EDT" name="tearDown" finished-at="2021-04-02T16:59:43 EDT" duration-ms="801" status="PASS">
          <reporter-output>
          </reporter-output>
        </test-method> <!-- tearDown -->
      </class> <!-- variables.Edge -->
    </test> <!-- Default test -->
  </suite> <!-- Default suite -->
</testng-results>
