<?xml version="1.0" encoding="UTF-8"?>
<testng-results ignored="0" total="2" passed="2" failed="0" skipped="0">
  <reporter-output>
  </reporter-output>
  <suite started-at="2021-04-01T11:03:40 EDT" name="Default suite" finished-at="2021-04-01T11:03:48 EDT" duration-ms="7860">
    <groups>
    </groups>
    <test started-at="2021-04-01T11:03:40 EDT" name="Default test" finished-at="2021-04-01T11:03:48 EDT" duration-ms="7860">
      <class name="variables.Chrome">
        <test-method is-config="true" signature="openBrowser()[pri:0, instance:variables.Chrome@48fa0f47]" started-at="2021-04-01T11:03:40 EDT" name="openBrowser" finished-at="2021-04-01T11:03:46 EDT" duration-ms="6635" status="PASS">
          <reporter-output>
          </reporter-output>
        </test-method> <!-- openBrowser -->
        <test-method signature="getTitle()[pri:0, instance:variables.Chrome@48fa0f47]" started-at="2021-04-01T11:03:46 EDT" name="getTitle" finished-at="2021-04-01T11:03:46 EDT" duration-ms="64" status="PASS">
          <reporter-output>
          </reporter-output>
        </test-method> <!-- getTitle -->
        <test-method signature="getUrl()[pri:0, instance:variables.Chrome@48fa0f47]" started-at="2021-04-01T11:03:46 EDT" name="getUrl" finished-at="2021-04-01T11:03:46 EDT" duration-ms="13" status="PASS">
          <reporter-output>
          </reporter-output>
        </test-method> <!-- getUrl -->
        <test-method is-config="true" signature="tearDown()[pri:0, instance:variables.Chrome@48fa0f47]" started-at="2021-04-01T11:03:46 EDT" name="tearDown" finished-at="2021-04-01T11:03:48 EDT" duration-ms="1098" status="PASS">
          <reporter-output>
          </reporter-output>
        </test-method> <!-- tearDown -->
      </class> <!-- variables.Chrome -->
    </test> <!-- Default test -->
  </suite> <!-- Default suite -->
</testng-results>
